2015-09-11 00:55:16 - send {"type":"login-receipt","status":-1,"username":"sky"}

2015-09-11 00:55:34 - send {"type":"register-receipt", "username":"sky", "status":1}

2015-09-11 00:55:39 - send {"type":"login-receipt","status":1,"username":"sky"}

2015-09-11 00:55:40 - send {
	"type":	"friend-list",
	"size":	0,
	"list":	[]
}

2015-09-11 00:55:40 - send {
	"type":	"group-list",
	"size":	0,
	"list":	[]
}

2015-09-11 00:55:54 - send {
	"type":	"friend-list",
	"size":	0,
	"list":	[]
}

2015-09-11 00:56:00 - send {"type":"register-receipt", "username":"green", "status":1}

2015-09-11 00:56:04 - send {
	"type":	"group-list",
	"size":	0,
	"list":	[]
}

2015-09-11 00:56:06 - send {"type":"login-receipt","status":1,"username":"green"}

2015-09-11 00:56:07 - send {
	"type":	"friend-list",
	"size":	0,
	"list":	[]
}

2015-09-11 00:56:07 - send {
	"type":	"group-list",
	"size":	0,
	"list":	[]
}

2015-09-11 00:56:08 - send {
	"type":	"group-list",
	"size":	0,
	"list":	[]
}

2015-09-11 00:56:13 - send {
	"type":	"add-to-contact-receipt",
	"username":	"sky",
	"contact":	"green",
	"status":	1
}

2015-09-11 00:56:14 - send {
	"type":	"friend-list",
	"size":	1,
	"list":	[{
			"username":	"green",
			"status":	1
		}]
}

2015-09-11 00:56:18 - send {
	"type":	"add-to-contact-receipt",
	"username":	"green",
	"contact":	"sky",
	"status":	1
}

2015-09-11 00:56:19 - send {
	"type":	"friend-list",
	"size":	1,
	"list":	[{
			"username":	"green",
			"status":	1
		}]
}

2015-09-11 00:56:19 - send {
	"type":	"friend-list",
	"size":	1,
	"list":	[{
			"username":	"sky",
			"status":	1
		}]
}

2015-09-11 00:56:23 - send {
	"type":	"friend-list",
	"size":	1,
	"list":	[{
			"username":	"sky",
			"status":	1
		}]
}

2015-09-11 00:56:29 - send {
	"type":	"group-list",
	"size":	0,
	"list":	[]
}

2015-09-11 00:56:33 - send {
	"type":	"group-list",
	"size":	0,
	"list":	[]
}

2015-09-11 00:56:44 - send {
	"type":	"friend-list",
	"size":	1,
	"list":	[{
			"username":	"green",
			"status":	1
		}]
}

2015-09-11 00:56:44 - send {"type":"register-receipt", "username":"green", "status":0}

2015-09-11 00:56:48 - send {
	"type":	"friend-list",
	"size":	1,
	"list":	[{
			"username":	"sky",
			"status":	1
		}]
}

2015-09-11 00:56:53 - send {
	"type":	"group-list",
	"size":	0,
	"list":	[]
}

2015-09-11 00:56:57 - send {
	"type":	"group-list",
	"size":	0,
	"list":	[]
}

2015-09-11 00:57:02 - send {"type":"register-receipt", "username":"green", "status":0}

2015-09-11 00:57:08 - send {
	"type":	"friend-list",
	"size":	1,
	"list":	[{
			"username":	"green",
			"status":	1
		}]
}

2015-09-11 00:57:10 - send {"type":"register-receipt", "username":"niang", "status":1}

2015-09-11 00:57:12 - send {
	"type":	"friend-list",
	"size":	1,
	"list":	[{
			"username":	"sky",
			"status":	1
		}]
}

2015-09-11 00:57:13 - send {"type":"login-receipt","status":1,"username":"niang"}

2015-09-11 00:57:14 - send {
	"type":	"friend-list",
	"size":	0,
	"list":	[]
}

2015-09-11 00:57:14 - send {
	"type":	"group-list",
	"size":	0,
	"list":	[]
}

2015-09-11 00:57:14 - send {
	"type":	"group-list",
	"size":	0,
	"list":	[]
}

2015-09-11 00:57:18 - send {
	"type":	"group-list",
	"size":	0,
	"list":	[]
}

2015-09-11 00:57:21 - send {
	"type":	"add-to-contact-receipt",
	"username":	"sky",
	"contact":	"niang",
	"status":	1
}

2015-09-11 00:57:22 - send {
	"type":	"friend-list",
	"size":	2,
	"list":	[{
			"username":	"green",
			"status":	1
		}, {
			"username":	"niang",
			"status":	1
		}]
}

2015-09-11 00:57:22 - send {
	"type":	"group-list",
	"size":	0,
	"list":	[]
}

2015-09-11 00:57:27 - send {
	"type":	"add-to-contact-receipt",
	"username":	"niang",
	"contact":	"sky",
	"status":	1
}

2015-09-11 00:57:28 - send {
	"type":	"friend-list",
	"size":	1,
	"list":	[{
			"username":	"sky",
			"status":	1
		}]
}

2015-09-11 00:57:29 - send {
	"type":	"friend-list",
	"size":	1,
	"list":	[{
			"username":	"sky",
			"status":	1
		}]
}

2015-09-11 00:57:33 - send {
	"type":	"friend-list",
	"size":	2,
	"list":	[{
			"username":	"green",
			"status":	1
		}, {
			"username":	"niang",
			"status":	1
		}]
}

2015-09-1