2015-09-11 01:16:42 - send {"type":"login-receipt","status":1,"username":"sky"}

2015-09-11 01:16:43 - send {
	"type":	"friend-list",
	"size":	2,
	"list":	[{
			"username":	"green",
			"status":	0
		}, {
			"username":	"niang",
			"status":	0
		}]
}

2015-09-11 01:16:43 - send {
	"type":	"group-list",
	"size":	0,
	"list":	[]
}

2015-09-11 01:16:43 - send {
	"type":	"friend-list",
	"size":	2,
	"list":	[{
			"username":	"green",
			"status":	0
		}, {
			"username":	"niang",
			"status":	0
		}]
}

2015-09-11 01:16:53 - send {
	"type":	"group-list",
	"size":	0,
	"list":	[]
}

2015-09-11 01:17:08 - send {
	"type":	"friend-list",
	"size":	2,
	"list":	[{
			"username":	"green",
			"status":	0
		}, {
			"username":	"niang",
			"status":	0
		}]
}

2015-09-11 01:17:18 - send {
	"type":	"group-list",
	"size":	0,
	"list":	[]
}

2015-09-11 01:17:33 - send {
	"type":	"friend-list",
	"size":	2,
	"list":	[{
			"username":	"green",
			"status":	0
		}, {
			"username":	"niang",
			"status":	0
		}]
}

2015-09-11 01:17:37 - send {"type":"login-receipt","status":1,"username":"green"}

2015-09-11 01:17:37 - send {
	"type":	"friend-list",
	"size":	2,
	"list":	[{
			"username":	"sky",
			"status":	1
		}, {
			"username":	"niang",
			"status":	0
		}]
}

2015-09-11 01:17:37 - send {
	"type":	"friend-list",
	"size":	2,
	"list":	[{
			"username":	"sky",
			"status":	1
		}, {
			"username":	"niang",
			"status":	0
		}]
}

2015-09-11 01:17:37 - send {
	"type":	"group-list",
	"size":	0,
	"list":	[]
}

2015-09-11 01:17:44 - send {
	"type":	"group-list",
	"size":	0,
	"list":	[]
}

2015-09-11 01:17:48 - send {
	"type":	"message/text",
	"sendto":	"sky",
	"sendfrom":	"green",
	"sendtime":	"2015-09-11 01:17:33",
	"content":	"/am"
}

2015-09-11 01:17:48 - send {
	"type":	"group-list",
	"size":	0,
	"list":	[]
}

2015-09-11 01:17:53 - send {
	"type":	"message/text",
	"sendto":	"green",
	"sendfrom":	"sky",
	"sendtime":	"2015-09-11 01:17:52",
	"content":	"/dk"
}

2015-09-11 01:17:59 - send {
	"type":	"friend-list",
	"size":	2,
	"list":	[{
			"username":	"green",
			"status":	1
		}, {
			"username":	"niang",
			"status":	0
		}]
}

2015-09-11 01:18:00 - send {
	"type":	"add-to-contact-receipt",
	"username":	"green",
	"contact":	"tsuki",
	"status":	0
}

2015-09-11 01:18:01 - send {
	"type":	"friend-list",
	"size":	2,
	"list":	[{
			"username":	"sky",
			"status":	1
		}, {
			"username":	"niang",
			"status":	0
		}]
}

2015-09-11 01:18:03 - send {
	"type":	"friend-list",
	"size":	2,
	"list":	[{
			"username":	"sky",
			"status":	1
		}, {
			"username":	"niang",
			"status":	0
		}]
}

2015-09-11 01:18:09 - send {
	"type":	"group-list",
	"size":	0,
	"list":	[]
}

2015-09-11 01:18:13 - send {
	"type":	"group-list",
	"size":	0,
	"list":	[]
}

2015-09-11 01:18:14 - send {
	"type":	"add-to-contact-receipt",
	"username":	"green",
	"contact":	"tsuki",
	"status":	0
}

2015-09-11 01:18:15 - send {
	"type":	"friend-list",
	"size":	2,
	"list":	[{
			"username":	"sky",
			"status":	1
		}, {
			"username":	"niang",
			"status":	0
		}]
}

2015-09-11 01:18:15 - send {"type":"login-receipt","status":-1,"username":"tsuki"}

2015-09-11 01:18:17 - send {
	"type":	"add-to-contact-receipt",
	"username":	"sky",
	"contact":	"wei",
	"status":	0
}

2015-09-11 01:18:18 - send {
	"type":	"friend-list",
	"size":	2,
	"list":	[{
			"username":	"green",
			"status":	1
		}, {
			"username":	"niang",
			"status":	0
		}]
}

2015-09-11 01:18:23 - send {
	"type":	"friend-list",
	"size":	2,
	"list":	[{
			"username":	"green",
			"status":	1
		}, {
			"username":	"niang",
			"status":	0
		}]
}

2015-09-11 01:18:24 - send {
	"type":	"message/text",
	"sendto":	"sky",
	"sendfrom":	"green",
	"sendtime":	"2015-09-11 01:18:10",
	"content":	"/wx"
}

2015-09-11 01:18:25 - send {"type":"register-receipt", "username":"will", "status":1}

2015-09-11 01:18:28 - send {
	"type":	"friend-list",
	"size":	2,
	"list":	[{
			"username":	"sky",
			"status":	1
		}, {
			"username":	"niang",
			"status":	0
		}]
}

2015-09-11 01:18:33 - send {
	"type":	"group-list",
	"size":	0,
	"list":	[]
}

2015-09-11 01:18:35 - send {"type":"login-receipt","status":1,"username":"will"}

2015-09-11 01:18:35 - send {
	"type":	"add-to-contact-receipt",
	"username":	"green",
	"contact":	"tsuki",
	"status":	0
}

2015-09-11 01:18:35 - send {
	"type":	"friend-list",
	"size":	0,
	"list":	[]
}

2015-09-11 01:18:35 - send {
	"type":	"group-list",
	"size":	0,
	"list":	[]
}

2015-09-11 01:18:36 - send {
	"type":	"friend-list",
	"size":	2,
	"list":	[{
			"username":	"sky",
			"status":	1
		}, {
			"username":	"niang",
			"status":	0
		}]
}

2015-09-11 01:18:38 - send {
	"type":	"group-list",
	"size":	0,
	"list":	[]
}

2015-09-11 01:18:41 - send {
	"type":	"add-to-contact-receipt",
	"username":	"will",
	"contact":	"green",
	"status":	1
}

2015-09-11 01:18:41 - send {
	"type":	"friend-list",
	"size":	1,
	"list":	[{
			"username":	"green",
			"status":	1
		}]
}

2015-09-11 01:18:42 - send {
	"type":	"friend-list",
	"size":	1,
	"list":	[{
			"username":	"green",
			"status":	1
		}]
}

2015-09-11 01:18:44 - send {"type":"register-receipt", "username":"tsuki", "status":1}

2015-09-11 01:18:48 - send {
	"type":	"add-to-contact-receipt",
	"username":	"will",
	"contact":	"sky",
	"status":	1
}

2015-09-11 01:18:48 - send {
	"type":	"friend-list",
	"size":	2,
	"list":	[{
			"username":	"green",
			"status":	1
		}, {
			"username":	"niang",
			"status":	0
		}]
}

2015-09-11 01:18:49 - send {
	"type":	"friend-list",
	"size":	2,
	"list":	[{
			"username":	"green",
			"status":	1
		}, {
			"username":	"sky",
			"status":	1
		}]
}

2015-09-11 01:18:50 - send {"type":"login-receipt","status":1,"username":"tsuki"}

2015-09-11 01:18:51 - send {
	"type":	"friend-list",
	"size":	0,
	"list":	[]
}

2015-09-11 01:18:51 - send {
	"type":	"group-list",
	"size":	0,
	"list":	[]
}

2015-09-11 01:18:51 - send {
	"type":	"add-to-contact-receipt",
	"username":	"green",
	"contact":	"will",
	"status":	1
}

2015-09-11 01:18:51 - send {
	"type":	"group-list",
	"size":	0,
	"list":	[]
}

2015-09-11 01:18:52 - send {
	"type":	"friend-list",
	"size":	3,
	"list":	[{
			"username":	"sky",
			"status":	1
		}, {
			"username":	"niang",
			"status":	0
		}, {
			"username":	"will",
			"status":	1
		}]
}

2015-09-11 01:18:52 - send {
	"type":	"friend-list",
	"size":	3,
	"list":	[{
			"username":	"sky",
			"status":	1
		}, {
			"username":	"niang",
			"status":	0
		}, {
			"username":	"will",
			"status":	1
		}]
}

2015-09-11 01:18:53 - send {
	"type":	"add-to-contact-receipt",
	"username":	"sky",
	"contact":	"will",
	"status":	1
}

2015-09-11 01:18:54 - send {
	"type":	"friend-list",
	"size":	3,
	"list":	[{
			"username":	"green",
			"status":	1
		}, {
			"username":	"niang",
			"status":	0
		}, {
			"username":	"will",
			"status":	1
		}]
}

2015-09-11 01:18:55 - send {
	"type":	"add-to-contact-receipt",
	"username":	"tsuki",
	"contact":	"will",
	"status":	1
}

2015-09-11 01:18:56 - send {
	"type":	"friend-list",
	"size":	1,
	"list":	[{
			"username":	"will",
			"status":	1
		}]
}

2015-09-11 01:18:56 - send {
	"type":	"message/text",
	"sendto":	"will",
	"sendfrom":	"green",
	"sendtime":	"2015-09-11 01:18:42",
	"content":	"xix"
}

2015-09-11 01:18:57 - send {
	"type":	"add-to-contact-receipt",
	"username":	"will",
	"contact":	"tsuki",
	"status":	1
}

2015-09-11 01:18:58 - send {
	"type":	"friend-list",
	"size":	3,
	"list":	[{
			"username":	"green",
			"status":	1
		}, {
			"username":	"sky",
			"status":	1
		}, {
			"username":	"tsuki",
			"status":	1
		}]
}

2015-09-11 01:18:58 - send {
	"type":	"group-list",
	"size":	0,
	"list":	[]
}

2015-09-11 01:18:59 - send {
	"type":	"message/text",
	"sendto":	"will",
	"sendfrom":	"green",
	"sendtime":	"2015-09-11 01:18:44",
	"content":	"/wx"
}

2015-09-11 01:18:59 - send {
	"type":	"message/text",
	"sendto":	"will",
	"sendfrom":	"sky",
	"sendtime":	"2015-09-11 01:18:59",
	"content":	"nihao"
}

2015-09-11 01:18:59 - send {
	"type":	"friend-list",
	"size":	1,
	"list":	[{
			"username":	"will",
			"status":	1
		}]
}

2015-09-11 01:19:00 - send {
	"type":	"add-to-contact-receipt",
	"username":	"tsuki",
	"contact":	"sky",
	"status":	1
}

2015-09-11 01:19:01 - send {
	"type":	"friend-list",
	"size":	2,
	"list":	[{
			"username":	"will",
			"status":	1
		}, {
			"username":	"sky",
			"status":	1
		}]
}

2015-09-11 01:19:02 - send {
	"type":	"group-list",
	"size":	0,
	"list":	[]
}

2015-09-11 01:19:03 - send {
	"type":	"message/text",
	"sendto":	"tsuki",
	"sendfrom":	"will",
	"sendtime":	"2015-09-11 01:19:44",
	"content":	"cao"
}

2015-09-11 01:19:05 - send {
	"type":	"add-to-contact-receipt",
	"username":	"tsuki",
	"contact":	"green",
	"status":	1
}

2015-09-11 01:19:06 - send {
	"type":	"friend-list",
	"size":	3,
	"list":	[{
			"username":	"green",
			"status":	1
		}, {
			"username":	"sky",
			"status":	1
		}, {
			"username":	"tsuki",
			"status":	1
		}]
}

2015-09-11 01:19:06 - send {
	"type":	"friend-list",
	"size":	3,
	"list":	[{
			"username":	"will",
			"status":	1
		}, {
			"username":	"sky",
			"status":	1
		}, {
			"username":	"green",
			"status":	1
		}]
}

2015-09-11 01:19:07 - send {
	"type":	"message/text",
	"sendto":	"sky",
	"sendfrom":	"will",
	"sendtime":	"2015-09-11 01:19:48",
	"content":	"/zj"
}

2015-09-11 01:19:09 - send {
	"type":	"group-list",
	"size":	0,
	"list":	[]
}

2015-09-11 01:19:12 - send {
	"type":	"message/text",
	"sendto":	"green",
	"sendfrom":	"tsuki",
	"sendtime":	"2015-09-11 14:18:58",
	"content":	"/am"
}

2015-09-11 01:19:12 - send {
	"type":	"message/text",
	"sendto":	"green",
	"sendfrom":	"will",
	"sendtime":	"2015-09-11 01:19:53",
	"content":	"nima"
}

2015-09-11 01:19:13 - send {
	"type":	"friend-list",
	"size":	3,
	"list":	[{
			"username":	"green",
			"status":	1
		}, {
			"username":	"niang",
			"status":	0
		}, {
			"username":	"will",
			"status":	1
		}]
}

2015-09-11 01:19:16 - send {
	"type":	"group-list",
	"size":	0,
	"list":	[]
}

2015-09-11 01:19:17 - send {
	"type":	"friend-list",
	"size":	3,
	"list":	[{
			"username":	"sky",
			"status":	1
		}, {
			"username":	"niang",
			"status":	0
		}, {
			"username":	"will",
			"status":	1
		}]
}

2015-09-11 01:19:18 - send {
	"type":	"message/text",
	"sendto":	"green",
	"sendfrom":	"will",
	"sendtime":	"2015-09-11 01:19:59",
	"content":	"bi lv jiu shi diao"
}

2015-09-11 01:19:18 - send {
	"type":	"message/text",
	"sendto":	"will",
	"sendfrom":	"sky",
	"sendtime":	"2015-09-11 01:19:18",
	"content":	"/dk"
}

2015-09-11 01:19:23 - send {
	"type":	"group-list",
	"size":	0,
	"list":	[]
}

2015-09-11 01:19:24 - send {
	"type":	"friend-list",
	"size":	3,
	"list":	[{
			"username":	"will",
			"status":	1
		}, {
			"username":	"sky",
			"status":	1
		}, {
			"username":	"green",
			"status":	1
		}]
}

2015-09-11 01:19:26 - send {	"type":"group-create-receipt",	"status":1,	"groupID":1}

2015-09-11 01:19:26 - send {
	"type":	"group-join-receipt",
	"username":	"sky",
	"groupID":	1,
	"status":	1
}

2015-09-11 01:19:26 - send {
	"type":	"message/text",
	"sendto":	"will",
	"sendfrom":	"green",
	"sendtime":	"2015-09-11 01:19:12",
	"content":	"ni hai shi ren ma?\n"
}

2015-09-11 01:19:27 - send {
	"type":	"group-list",
	"size":	0,
	"list":	[]
}

2015-09-11 01:19:31 - send {
	"type":	"friend-list",
	"size":	3,
	"list":	[{
			"username":	"green",
			"status":	1
		}, {
			"username":	"sky",
			"status":	1
		}, {
			"username":	"tsuki",
			"status":	1
		}]
}

2015-09-11 01:19:35 - send {
	"type":	"group-list",
	"size":	0,
	"list":	[]
}

2015-09-11 01:19:39 - send {
	"type":	"friend-list",
	"size":	3,
	"list":	[{
			"username":	"green",
			"status":	1
		}, {
			"username":	"niang",
			"status":	0
		}, {
			"username":	"will",
			"status":	1
		}]
}

2015-09-11 01:19:42 - send {
	"type":	"group-list",
	"size":	0,
	"list":	[]
}

2015-09-11 01:19:43 - send {
	"type":	"group-join-receipt",
	"username":	"sky",
	"groupID":	1,
	"status":	0
}

2015-09-11 01:19:43 - send {
	"type":	"friend-list",
	"size":	3,
	"list":	[{
			"username":	"sky",
			"status":	1
		}, {
			"username":	"niang",
			"status":	0
		}, {
			"username":	"will",
			"status":	1
		}]
}

2015-09-11 01:19:44 - send {
	"type":	"group-list",
	"size":	1,
	"list":	[{
			"groupID":	1
		}]
}

2015-09-11 01:19:45 - send {
	"type":	"group-profile",
	"member-count":	1,
	"groupID":	1,
	"list":	[{
			"username":	"sky"
		}]
}

2015-09-11 01:19:46 - send {
	"type":	"group-profile",
	"member-count":	1,
	"groupID":	1,
	"list":	[{
			"username":	"sky"
		}]
}

2015-09-11 01:19:49 - send {	"type":"group-create-receipt",	"status":1,	"groupID":2}

2015-09-11 01:19:49 - send {
	"type":	"group-join-receipt",
	"username":	"green",
	"groupID":	2,
	"status":	1
}

2015-09-11 01:19:49 - send {
	"type":	"group-list",
	"size":	1,
	"list":	[{
			"groupID":	1
		}]
}

2015-09-11 01:19:50 - send {
	"type":	"friend-list",
	"size":	3,
	"list":	[{
			"username":	"will",
			"status":	1
		}, {
			"username":	"sky",
			"status":	1
		}, {
			"username":	"green",
			"status":	1
		}]
}

2015-09-11 01:19:50 - send {
	"type":	"group-join-receipt",
	"username":	"green",
	"groupID":	1,
	"status":	1
}

2015-09-11 01:19:51 - send {
	"type":	"group-join-receipt",
	"username":	"tsuki",
	"groupID":	1,
	"status":	1
}

2015-09-11 01:19:51 - send {
	"type":	"group-list",
	"size":	2,
	"list":	[{
			"groupID":	2
		}, {
			"groupID":	1
		}]
}

2015-09-11 01:19:52 - send {
	"type":	"group-list",
	"size":	1,
	"list":	[{
			"groupID":	1
		}]
}

2015-09-11 01:19:52 - send {
	"type":	"group-profile",
	"member-count":	3,
	"groupID":	1,
	"list":	[{
			"username":	"sky"
		}, {
			"username":	"green"
		}, {
			"username":	"tsuki"
		}]
}

2015-09-11 01:19:52 - send {
	"type":	"group-join-receipt",
	"username":	"will",
	"groupID":	1,
	"status":	1
}

2015-09-11 01:19:53 - send {
	"type":	"group-list",
	"size":	1,
	"list":	[{
			"groupID":	1
		}]
}

2015-09-11 01:19:53 - send {
	"type":	"group-list",
	"size":	2,
	"list":	[{
			"groupID":	2
		}, {
			"groupID":	1
		}]
}

2015-09-11 01:19:53 - send {
	"type":	"group-profile",
	"member-count":	4,
	"groupID":	1,
	"list":	[{
			"username":	"sky"
		}, {
			"username":	"green"
		}, {
			"username":	"tsuki"
		}, {
			"username":	"will"
		}]
}

2015-09-11 01:19:54 - send {
	"type":	"group-profile",
	"member-count":	1,
	"groupID":	2,
	"list":	[{
			"username":	"green"
		}]
}

2015-09-11 01:19:54 - send {
	"type":	"group-profile",
	"member-count":	4,
	"groupID":	1,
	"list":	[{
			"username":	"sky"
		}, {
			"username":	"green"
		}, {
			"username":	"tsuki"
		}, {
			"username":	"will"
		}]
}

2015-09-11 01:19:54 - send {
	"type":	"group-profile",
	"member-count":	4,
	"groupID":	1,
	"list":	[{
			"username":	"sky"
		}, {
			"username":	"green"
		}, {
			"username":	"tsuki"
		}, {
			"username":	"will"
		}]
}

2015-09-11 01:19:54 - send {
	"type":	"group-profile",
	"member-count":	4,
	"groupID":	1,
	"list":	[{
			"username":	"sky"
		}, {
			"username":	"green"
		}, {
			"username":	"tsuki"
		}, {
			"username":	"will"
		}]
}

2015-09-11 01:19:55 - send {
	"type":	"group-profile",
	"member-count":	1,
	"groupID":	2,
	"list":	[{
			"username":	"green"
		}]
}

2015-09-11 01:19:55 - send {
	"type":	"group-profile",
	"member-count":	4,
	"groupID":	1,
	"list":	[{
			"username":	"sky"
		}, {
			"username":	"green"
		}, {
			"username":	"tsuki"
		}, {
			"username":	"will"
		}]
}

2015-09-11 01:19:55 - send {
	"type":	"group-profile",
	"member-count":	1,
	"groupID":	2,
	"list":	[{
			"username":	"green"
		}]
}

2015-09-11 01:19:56 - send {
	"type":	"group-profile",
	"member-count":	4,
	"groupID":	1,
	"list":	[{
			"username":	"sky"
		}, {
			"username":	"green"
		}, {
			"username":	"tsuki"
		}, {
			"username":	"will"
		}]
}

2015-09-11 01:19:57 - send {
	"type":	"friend-list",
	"size":	3,
	"list":	[{
			"username":	"green",
			"status":	1
		}, {
			"username":	"sky",
			"status":	1
		}, {
			"username":	"tsuki",
			"status":	1
		}]
}

2015-09-11 01:19:57 - send {
	"type":	"group-profile",
	"member-count":	4,
	"groupID":	1,
	"list":	[{
			"username":	"sky"
		}, {
			"username":	"green"
		}, {
			"username":	"tsuki"
		}, {
			"username":	"will"
		}]
}

2015-09-11 01:19:59 - send {
	"type":	"message/text",
	"sendto":	"green",
	"sendfrom":	"will",
	"sendtime":	"2015-09-11 01:20:39",
	"content":	"ni men hao"
}

2015-09-11 01:19:59 - send {
	"type":	"message/text",
	"sendto":	"will",
	"sendfrom":	"green",
	"sendtime":	"2015-09-11 01:19:44",
	"content":	"xixi"
}

2015-09-11 01:20:00 - send {
	"type":	"group-list",
	"size":	1,
	"list":	[{
			"groupID":	1
		}]
}

2015-09-11 01:20:00 - send {
	"type":	"message/text",
	"sendto":	"will",
	"sendfrom":	"sky",
	"sendtime":	"2015-09-11 01:19:59",
	"content":	"666666"
}

2015-09-11 01:20:03 - send {
	"type":	"message/text",
	"sendto":	"green",
	"sendfrom":	"will",
	"sendtime":	"2015-09-11 01:20:44",
	"content":	"/sk"
}

2015-09-11 01:20:03 - send {
	"type":	"message/text",
	"sendto":	"will",
	"sendfrom":	"sky",
	"sendtime":	"2015-09-11 01:20:02",
	"content":	"666666"
}

2015-09-11 01:20:04 - send {
	"type":	"friend-list",
	"size":	3,
	"list":	[{
			"username":	"green",
			"status":	1
		}, {
			"username":	"niang",
			"status":	0
		}, {
			"username":	"will",
			"status":	1
		}]
}

2015-09-11 01:20:07 - send {
	"type":	"group-list",
	"size":	1,
	"list":	[{
			"groupID":	1
		}]
}

2015-09-11 01:20:08 - send {
	"type":	"friend-list",
	"size":	3,
	"list":	[{
			"username":	"sky",
			"status":	1
		}, {
			"username":	"niang",
			"status":	0
		}, {
			"username":	"will",
			"status":	1
		}]
}

2015-09-11 01:20:09 - send {
	"type":	"message/text",
	"sendto":	"green",
	"sendfrom":	"will",
	"sendtime":	"2015-09-11 01:20:49",
	"content":	"cao ni men da ye"
}

2015-09-11 01:20:09 - send {
	"type":	"message/text",
	"sendto":	"green",
	"sendfrom":	"tsuki",
	"sendtime":	"2015-09-11 14:19:55",
	"content":	"/am"
}

2015-09-11 01:20:10 - send {
	"type":	"message/text",
	"sendto":	"will",
	"sendfrom":	"sky",
	"sendtime":	"2015-09-11 01:20:09",
	"content":	"666666"
}

2015-09-11 01:20:11 - send {
	"type":	"group-profile",
	"member-count":	4,
	"groupID":	1,
	"list":	[{
			"username":	"sky"
		}, {
			"username":	"green"
		}, {
			"username":	"tsuki"
		}, {
			"username":	"will"
		}]
}

2015-09-11 01:20:11 - send {
	"type":	"message/text",
	"sendto":	"green",
	"sendfrom":	"will",
	"sendtime":	"2015-09-11 01:20:52",
	"content":	"hahaha"
}

2015-09-11 01:20:14 - send {
	"type":	"group-list",
	"size":	1,
	"list":	[{
			"groupID":	1
		}]
}

2015-09-11 01:20:14 - send {
	"type":	"group-profile",
	"member-count":	4,
	"groupID":	1,
	"list":	[{
			"username":	"sky"
		}, {
			"username":	"green"
		}, {
			"username":	"tsuki"
		}, {
			"username":	"will"
		}]
}

2015-09-11 01:20:15 - send {
	"type":	"message/text",
	"sendto":	"green",
	"sendfrom":	"tsuki",
	"sendtime":	"2015-09-11 14:20:01",
	"content":	"/am"
}

2015-09-11 01:20:15 - send {
	"type":	"message/text",
	"sendto":	"green",
	"sendfrom":	"will",
	"sendtime":	"2015-09-11 01:20:55",
	"content":	"/zj"
}

2015-09-11 01:20:15 - send {
	"type":	"friend-list",
	"size":	3,
	"list":	[{
			"username":	"will",
			"status":	1
		}, {
			"username":	"sky",
			"status":	1
		}, {
			"username":	"green",
			"status":	1
		}]
}

2015-09-11 01:20:16 - send {
	"type":	"message/text",
	"sendto":	"will",
	"sendfrom":	"sky",
	"sendtime":	"2015-09-11 01:20:16",
	"content":	"6666"
}

2015-09-11 01:20:18 - send {
	"type":	"group-list",
	"size":	2,
	"list":	[{
			"groupID":	2
		}, {
			"groupID":	1
		}]
}

2015-09-11 01:20:18 - send {
	"type":	"message/text",
	"sendto":	"will",
	"sendfrom":	"green",
	"sendtime":	"2015-09-11 01:20:04",
	"content":	"wo le ge cao"
}

2015-09-11 01:20:19 - send {
	"type":	"message/text",
	"sendto":	"green",
	"sendfrom":	"tsuki",
	"sendtime":	"2015-09-11 14:20:05",
	"content":	"/am"
}

2015-09-11 01:20:22 - send {
	"type":	"friend-list",
	"size":	3,
	"list":	[{
			"username":	"green",
			"status":	1
		}, {
			"username":	"sky",
			"status":	1
		}, {
			"username":	"tsuki",
			"status":	1
		}]
}

2015-09-11 01:20:22 - send {"type":"register-receipt", "username":"cai", "status":1}

2015-09-11 01:20:23 - send {
	"type":	"group-profile",
	"member-count":	4,
	"groupID":	1,
	"list":	[{
			"username":	"sky"
		}, {
			"username":	"green"
		}, {
			"username":	"tsuki"
		}, {
			"username":	"will"
		}]
}

2015-09-11 01:20:24 - send {
	"type":	"group-profile",
	"member-count":	4,
	"groupID":	1,
	"list":	[{
			"username":	"sky"
		}, {
			"username":	"green"
		}, {
			"username":	"tsuki"
		}, {
			"username":	"will"
		}]
}

2015-09-11 01:20:25 - send {
	"type":	"group-list",
	"size":	1,
	"list":	[{
			"groupID":	1
		}]
}

2015-09-11 01:20:29 - send {
	"type":	"friend-list",
	"size":	3,
	"list":	[{
			"username":	"green",
			"status":	1
		}, {
			"username":	"niang",
			"status":	0
		}, {
			"username":	"will",
			"status":	1
		}]
}

2015-09-11 01:20:31 - send {
	"type":	"group-list",
	"size":	1,
	"list":	[{
			"groupID":	1
		}]
}

2015-09-11 01:20:33 - send {
	"type":	"friend-list",
	"size":	3,
	"list":	[{
			"username":	"sky",
			"status":	1
		}, {
			"username":	"niang",
			"status":	0
		}, {
			"username":	"will",
			"status":	1
		}]
}

2015-09-11 01:20:34 - send {"type":"login-receipt","status":1,"username":"cai"}

2015-09-11 01:20:34 - send {
	"type":	"friend-list",
	"size":	0,
	"list":	[]
}

2015-09-11 01:20:34 - send {
	"type":	"group-list",
	"size":	0,
	"list":	[]
}

2015-09-11 01:20:35 - send {
	"type":	"group-profile",
	"member-count":	4,
	"groupID":	1,
	"list":	[{
			"username":	"sky"
		}, {
			"username":	"green"
		}, {
			"username":	"tsuki"
		}, {
			"username":	"will"
		}]
}

2015-09-11 01:20:35 - send {
	"type":	"group-profile",
	"member-count":	4,
	"groupID":	1,
	"list":	[{
			"username":	"sky"
		}, {
			"username":	"green"
		}, {
			"username":	"tsuki"
		}, {
			"username":	"will"
		}]
}

2015-09-11 01:20:35 - send {
	"type":	"group-profile",
	"member-count":	4,
	"groupID":	1,
	"list":	[{
			"username":	"sky"
		}, {
			"username":	"green"
		}, {
			"username":	"tsuki"
		}, {
			"username":	"will"
		}]
}

2015-09-11 01:20:36 - send {
	"type":	"group-profile",
	"member-count":	4,
	"groupID":	1,
	"list":	[{
			"username":	"sky"
		}, {
			"username":	"green"
		}, {
			"username":	"tsuki"
		}, {
			"username":	"will"
		}]
}

2015-09-11 01:20:36 - send {
	"type":	"group-profile",
	"member-count":	4,
	"groupID":	1,
	"list":	[{
			"username":	"sky"
		}, {
			"username":	"green"
		}, {
			"username":	"tsuki"
		}, {
			"username":	"will"
		}]
}

2015-09-11 01:20:36 - send {
	"type":	"group-profile",
	"member-count":	4,
	"groupID":	1,
	"list":	[{
			"username":	"sky"
		}, {
			"username":	"green"
		}, {
			"username":	"tsuki"
		}, {
			"username":	"will"
		}]
}

2015-09-11 01:20:36 - send {
	"type":	"group-profile",
	"member-count":	4,
	"groupID":	1,
	"list":	[{
			"username":	"sky"
		}, {
			"username":	"green"
		}, {
			"username":	"tsuki"
		}, {
			"username":	"will"
		}]
}

2015-09-11 01:20:36 - send {
	"type":	"group-profile",
	"member-count":	4,
	"groupID":	1,
	"list":	[{
			"username":	"sky"
		}, {
			"username":	"green"
		}, {
			"username":	"tsuki"
		}, {
			"username":	"will"
		}]
}

2015-09-11 01:20:37 - send {
	"type":	"friend-list",
	"size":	0,
	"list":	[]
}

2015-09-11 01:20:38 - send {
	"type":	"group-list",
	"size":	1,
	"list":	[{
			"groupID":	1
		}]
}

2015-09-11 01:20:38 - send {
	"type":	"group-profile",
	"member-count":	4,
	"groupID":	1,
	"list":	[{
			"username":	"sky"
		}, {
			"username":	"green"
		}, {
			"username":	"tsuki"
		}, {
			"username":	"will"
		}]
}

2015-09-11 01:20:40 - send {
	"type":	"friend-list",
	"size":	3,
	"list":	[{
			"username":	"will",
			"status":	1
		}, {
			"username":	"sky",
			"status":	1
		}, {
			"username":	"green",
			"status":	1
		}]
}

2015-09-11 01:20:43 - send {
	"type":	"group-list",
	"size":	2,
	"list":	[{
			"groupID":	2
		}, {
			"groupID":	1
		}]
}

2015-09-11 01:20:46 - send {
	"type":	"friend-list",
	"size":	3,
	"list":	[{
			"username":	"green",
			"status":	1
		}, {
			"username":	"sky",
			"status":	1
		}, {
			"username":	"tsuki",
			"status":	1
		}]
}

2015-09-11 01:20:47 - send {
	"type":	"group-list",
	"size":	0,
	"list":	[]
}

2015-09-11 01:20:48 - send {
	"type":	"message/text",
	"sendto":	"will",
	"sendfrom":	"tsuki",
	"sendtime":	"2015-09-11 14:20:34",
	"content":	"asdasdsad"
}

2015-09-11 01:20:50 - send {
	"type":	"group-list",
	"size":	1,
	"list":	[{
			"groupID":	1
		}]
}

2015-09-11 01:20:53 - send {
	"type":	"friend-list",
	"size":	3,
	"list":	[{
			"username":	"green",
			"status":	1
		}, {
			"username":	"niang",
			"status":	0
		}, {
			"username":	"will",
			"status":	1
		}]
}

2015-09-11 01:20:55 - send {
	"type":	"group-profile",
	"member-count":	4,
	"groupID":	1,
	"list":	[{
			"username":	"sky"
		}, {
			"username":	"green"
		}, {
			"username":	"tsuki"
		}, {
			"username":	"will"
		}]
}

2015-09-11 01:20:56 - send {
	"type":	"group-profile",
	"member-count":	4,
	"groupID":	1,
	"list":	[{
			"username":	"sky"
		}, {
			"username":	"green"
		}, {
			"username":	"tsuki"
		}, {
			"username":	"will"
		}]
}

2015-09-11 01:20:56 - send {
	"type":	"group-profile",
	"member-count":	4,
	"groupID":	1,
	"list":	[{
			"username":	"sky"
		}, {
			"username":	"green"
		}, {
			"username":	"tsuki"
		}, {
			"username":	"will"
		}]
}

2015-09-11 01:20:56 - send {
	"type":	"group-profile",
	"member-count":	4,
	"groupID":	1,
	"list":	[{
			"username":	"sky"
		}, {
			"username":	"green"
		}, {
			"username":	"tsuki"
		}, {
			"username":	"will"
		}]
}

2015-09-11 01:20:56 - send {
	"type":	"group-profile",
	"member-count":	4,
	"groupID":	1,
	"list":	[{
			"username":	"sky"
		}, {
			"username":	"green"
		}, {
			"username":	"tsuki"
		}, {
			"username":	"will"
		}]
}

2015-09-11 01:20:56 - send {
	"type":	"group-list",
	"size":	1,
	"list":	[{
			"groupID":	1
		}]
}

2015-09-11 01:20:58 - send {
	"type":	"friend-list",
	"size":	3,
	"list":	[{
			"username":	"sky",
			"status":	1
		}, {
			"username":	"niang",
			"status":	0
		}, {
			"username":	"will",
			"status":	1
		}]
}

2015-09-11 01:20:58 - send {
	"type":	"group-join-receipt",
	"username":	"cai",
	"groupID":	1,
	"status":	1
}

2015-09-11 01:20:58 - send {
	"type":	"group-profile",
	"member-count":	5,
	"groupID":	1,
	"list":	[{
			"username":	"sky"
		}, {
			"username":	"green"
		}, {
			"username":	"tsuki"
		}, {
			"username":	"will"
		}, {
			"username":	"cai"
		}]
}

2015-09-11 01:20:59 - send {
	"type":	"group-list",
	"size":	1,
	"list":	[{
			"groupID":	1
		}]
}

2015-09-11 01:20:59 - send {
	"type":	"message/text",
	"sendto":	"green",
	"sendfrom":	"tsuki",
	"sendtime":	"2015-09-11 14:20:45",
	"content":	"/am"
}

2015-09-11 01:21:00 - send {
	"type":	"group-profile",
	"member-count":	5,
	"groupID":	1,
	"list":	[{
			"username":	"sky"
		}, {
			"username":	"green"
		}, {
			"username":	"tsuki"
		}, {
			"username":	"will"
		}, {
			"username":	"cai"
		}]
}

2015-09-11 01:21:02 - send {
	"type":	"friend-list",
	"size":	0,
	"list":	[]
}

2015-09-11 01:21:03 - send {
	"type":	"message/text",
	"sendto":	"green",
	"sendfrom":	"sky",
	"sendtime":	"2015-09-11 01:21:02",
	"content":	"544"
}

2015-09-11 01:21:03 - send {
	"type":	"group-list",
	"size":	1,
	"list":	[{
			"groupID":	1
		}]
}

2015-09-11 01:21:05 - send {
	"type":	"friend-list",
	"size":	3,
	"list":	[{
			"username":	"will",
			"status":	1
		}, {
			"username":	"sky",
			"status":	1
		}, {
			"username":	"green",
			"status":	1
		}]
}

2015-09-11 01:21:08 - send {
	"type":	"group-list",
	"size":	2,
	"list":	[{
			"groupID":	2
		}, {
			"groupID":	1
		}]
}

2015-09-11 01:21:11 - send {
	"type":	"friend-list",
	"size":	3,
	"list":	[{
			"username":	"green",
			"status":	1
		}, {
			"username":	"sky",
			"status":	1
		}, {
			"username":	"tsuki",
			"status":	1
		}]
}

2015-09-11 01:21:12 - send {
	"type":	"group-list",
	"size":	1,
	"list":	[{
			"groupID":	1
		}]
}

2015-09-11 01:21:14 - send {
	"type":	"group-profile",
	"member-count":	5,
	"groupID":	1,
	"list":	[{
			"username":	"sky"
		}, {
			"username":	"green"
		}, {
			"username":	"tsuki"
		}, {
			"username":	"will"
		}, {
			"username":	"cai"
		}]
}

2015-09-11 01:21:14 - send {
	"type":	"group-list",
	"size":	1,
	"list":	[{
			"groupID":	1
		}]
}

2015-09-11 01:21:18 - send {
	"type":	"friend-list",
	"size":	3,
	"list":	[{
			"username":	"green",
			"status":	1
		}, {
			"username":	"niang",
			"status":	0
		}, {
			"username":	"will",
			"status":	1
		}]
}

2015-09-11 01:21:18 - send {
	"type":	"message/text",
	"sendto":	"will",
	"sendfrom":	"green",
	"sendtime":	"2015-09-11 01:21:04",
	"content":	"ni hai shi ren ma?"
}

2015-09-11 01:21:21 - send {
	"type":	"group-list",
	"size":	1,
	"list":	[{
			"groupID":	1
		}]
}

2015-09-11 01:21:22 - send {
	"type":	"friend-list",
	"size":	3,
	"list":	[{
			"username":	"sky",
			"status":	1
		}, {
			"username":	"niang",
			"status":	0
		}, {
			"username":	"will",
			"status":	1
		}]
}

2015-09-11 01:21:26 - send {
	"type":	"friend-list",
	"size":	0,
	"list":	[]
}

2015-09-11 01:21:28 - send {
	"type":	"group-list",
	"size":	1,
	"list":	[{
			"groupID":	1
		}]
}

2015-09-11 01:21:29 - send {
	"type":	"friend-list",
	"size":	3,
	"list":	[{
			"username":	"will",
			"status":	1
		}, {
			"username":	"sky",
			"status":	1
		}, {
			"username":	"green",
			"status":	1
		}]
}

2015-09-11 01:21:32 - send {
	"type":	"message/text",
	"sendto":	"will",
	"sendfrom":	"green",
	"sendtime":	"2015-09-11 01:21:18",
	"content":	"wo bu ren shi ni "
}

2015-09-11 01:21:32 - send {
	"type":	"group-list",
	"size":	2,
	"list":	[{
			"groupID":	2
		}, {
			"groupID":	1
		}]
}

2015-09-11 01:21:36 - send {
	"type":	"friend-list",
	"size":	3,
	"list":	[{
			"username":	"green",
			"status":	1
		}, {
			"username":	"sky",
			"status":	1
		}, {
			"username":	"tsuki",
			"status":	1
		}]
}

2015-09-11 01:21:36 - send {
	"type":	"group-list",
	"size":	1,
	"list":	[{
			"groupID":	1
		}]
}

2015-09-11 01:21:37 - send {
	"type":	"message/text",
	"sendto":	"green",
	"sendfrom":	"will",
	"sendtime":	"2015-09-11 01:22:18",
	"content":	"i am still a child"
}

2015-09-11 01:21:38 - send {
	"type":	"group-profile",
	"member-count":	5,
	"groupID":	1,
	"list":	[{
			"username":	"sky"
		}, {
			"username":	"green"
		}, {
			"username":	"tsuki"
		}, {
			"username":	"will"
		}, {
			"username":	"cai"
		}]
}

2015-09-11 01:21:38 - send {
	"type":	"group-profile",
	"member-count":	5,
	"groupID":	1,
	"list":	[{
			"username":	"sky"
		}, {
			"username":	"green"
		}, {
			"username":	"tsuki"
		}, {
			"username":	"will"
		}, {
			"username":	"cai"
		}]
}

2015-09-11 01:21:38 - send {
	"type":	"group-profile",
	"member-count":	5,
	"groupID":	1,
	"list":	[{
			"username":	"sky"
		}, {
			"username":	"green"
		}, {
			"username":	"tsuki"
		}, {
			"username":	"will"
		}, {
			"username":	"cai"
		}]
}

2015-09-11 01:21:39 - send {
	"type":	"group-list",
	"size":	1,
	"list":	[{
			"groupID":	1
		}]
}

2015-09-11 01:21:40 - send {
	"type":	"group-profile",
	"member-count":	5,
	"groupID":	1,
	"list":	[{
			"username":	"sky"
		}, {
			"username":	"green"
		}, {
			"username":	"tsuki"
		}, {
			"username":	"will"
		}, {
			"username":	"cai"
		}]
}

2015-09-11 01:21:40 - send {
	"type":	"group-profile",
	"member-count":	5,
	"groupID":	1,
	"list":	[{
			"username":	"sky"
		}, {
			"username":	"green"
		}, {
			"username":	"tsuki"
		}, {
			"username":	"will"
		}, {
			"username":	"cai"
		}]
}

2015-09-11 01:21:40 - send {
	"type":	"group-profile",
	"member-count":	5,
	"groupID":	1,
	"list":	[{
			"username":	"sky"
		}, {
			"username":	"green"
		}, {
			"username":	"tsuki"
		}, {
			"username":	"will"
		}, {
			"username":	"cai"
		}]
}

2015-09-11 01:21:40 - send {
	"type":	"group-profile",
	"member-count":	5,
	"groupID":	1,
	"list":	[{
			"username":	"sky"
		}, {
			"username":	"green"
		}, {
			"username":	"tsuki"
		}, {
			"username":	"will"
		}, {
			"username":	"cai"
		}]
}

2015-09-11 01:21:40 - send {
	"type":	"group-profile",
	"member-count":	5,
	"groupID":	1,
	"list":	[{
			"username":	"sky"
		}, {
			"username":	"green"
		}, {
			"username":	"tsuki"
		}, {
			"username":	"will"
		}, {
			"username":	"cai"
		}]
}

2015-09-11 01:21:41 - send {
	"type":	"group-profile",
	"member-count":	5,
	"groupID":	1,
	"list":	[{
			"username":	"sky"
		}, {
			"username":	"green"
		}, {
			"username":	"tsuki"
		}, {
			"username":	"will"
		}, {
			"username":	"cai"
		}]
}

2015-09-11 01:21:41 - send {
	"type":	"group-profile",
	"member-count":	5,
	"groupID":	1,
	"list":	[{
			"username":	"sky"
		}, {
			"username":	"green"
		}, {
			"username":	"tsuki"
		}, {
			"username":	"will"
		}, {
			"username":	"cai"
		}]
}

2015-09-11 01:21:41 - send {
	"type":	"group-profile",
	"member-count":	5,
	"groupID":	1,
	"list":	[{
			"username":	"sky"
		}, {
			"username":	"green"
		}, {
			"username":	"tsuki"
		}, {
			"username":	"will"
		}, {
			"username":	"cai"
		}]
}

2015-09-11 01:21:43 - send {
	"type":	"add-to-contact-receipt",
	"username":	"green",
	"contact":	"tsuki",
	"status":	1
}

2015-09-11 01:21:44 - send {
	"type":	"friend-list",
	"size":	4,
	"list":	[{
			"username":	"sky",
			"status":	1
		}, {
			"username":	"niang",
			"status":	0
		}, {
			"username":	"will",
			"status":	1
		}, {
			"username":	"tsuki",
			"status":	1
		}]
}

2015-09-11 01:21:44 - send {
	"type":	"friend-list",
	"size":	3,
	"list":	[{
			"username":	"green",
			"status":	1
		}, {
			"username":	"niang",
			"status":	0
		}, {
			"username":	"will",
			"status":	1
		}]
}

2015-09-11 01:21:47 - send {
	"type":	"group-list",
	"size":	1,
	"list":	[{
			"groupID":	1
		}]
}

2015-09-11 01:21:48 - send {
	"type":	"friend-list",
	"size":	4,
	"list":	[{
			"username":	"sky",
			"status":	1
		}, {
			"username":	"niang",
			"status":	0
		}, {
			"username":	"will",
			"status":	1
		}, {
			"username":	"tsuki",
			"status":	1
		}]
}

2015-09-11 01:21:49 - send {
	"type":	"group-profile",
	"member-count":	5,
	"groupID":	1,
	"list":	[{
			"username":	"sky"
		}, {
			"username":	"green"
		}, {
			"username":	"tsuki"
		}, {
			"username":	"will"
		}, {
			"username":	"cai"
		}]
}

2015-09-11 01:21:51 - send {
	"type":	"message/text",
	"sendto":	"tsuki",
	"sendfrom":	"green",
	"sendtime":	"2015-09-11 01:21:36",
	"content":	"/fd"
}

2015-09-11 01:21:52 - send {
	"type":	"friend-list",
	"size":	0,
	"list":	[]
}

2015-09-11 01:21:54 - send {
	"type":	"group-list",
	"size":	1,
	"list":	[{
			"groupID":	1
		}]
}

2015-09-11 01:21:55 - send {
	"type":	"friend-list",
	"size":	3,
	"list":	[{
			"username":	"will",
			"status":	1
		}, {
			"username":	"sky",
			"status":	1
		}, {
			"username":	"green",
			"status":	1
		}]
}

2015-09-11 01:21:55 - send {
	"type":	"message/text/group",
	"sendto":	1,
	"sendfrom":	"cai",
	"sendtime":	"2015-09-11 01:22:00",
	"content":	"/fd",
	"msgID":	"segmentfault"
}

2015-09-11 01:21:55 - send {
	"type":	"message/text/group",
	"sendto":	1,
	"sendfrom":	"cai",
	"sendtime":	"2015-09-11 01:22:00",
	"content":	"/fd",
	"msgID":	"segmentfault"
}

2015-09-11 01:21:55 - send {
	"type":	"message/text/group",
	"sendto":	1,
	"sendfrom":	"cai",
	"sendtime":	"2015-09-11 01:22:00",
	"content":	"/fd",
	"msgID":	"segmentfault"
}

2015-09-11 01:21:55 - send {
	"type":	"message/text/group",
	"sendto":	1,
	"sendfrom":	"cai",
	"sendtime":	"2015-09-11 01:22:00",
	"content":	"/fd",
	"msgID":	"segmentfault"
}

2015-09-11 01:21:55 - send {
	"type":	"message/text/group",
	"sendto":	1,
	"sendfrom":	"cai",
	"sendtime":	"2015-09-11 01:22:00",
	"content":	"/fd",
	"msgID":	"segmentfault"
}

2015-09-11 01:21:58 - send {
	"type":	"group-list",
	"size":	2,
	"list":	[{
			"groupID":	2
		}, {
			"groupID":	1
		}]
}

2015-09-11 01:21:58 - send {
	"type":	"group-profile",
	"member-count":	1,
	"groupID":	2,
	"list":	[{
			"username":	"green"
		}]
}

2015-09-11 01:21:59 - send {
	"type":	"group-profile",
	"member-count":	5,
	"groupID":	1,
	"list":	[{
			"username":	"sky"
		}, {
			"username":	"green"
		}, {
			"username":	"tsuki"
		}, {
			"username":	"will"
		}, {
			"username":	"cai"
		}]
}

2015-09-11 01:22:01 - send {
	"type":	"group-join-receipt",
	"username":	"sky",
	"groupID":	2,
	"status":	1
}

2015-09-11 01:22:02 - send {
	"type":	"friend-list",
	"size":	3,
	"list":	[{
			"username":	"green",
			"status":	1
		}, {
			"username":	"sky",
			"status":	1
		}, {
			"username":	"tsuki",
			"status":	1
		}]
}

2015-09-11 01:22:02 - send {
	"type":	"group-list",
	"size":	1,
	"list":	[{
			"groupID":	1
		}]
}

2015-09-11 01:22:02 - send {
	"type":	"group-list",
	"size":	2,
	"list":	[{
			"groupID":	1
		}, {
			"groupID":	2
		}]
}

2015-09-11 01:22:02 - send {
	"type":	"group-profile",
	"member-count":	5,
	"groupID":	1,
	"list":	[{
			"username":	"sky"
		}, {
			"username":	"green"
		}, {
			"username":	"tsuki"
		}, {
			"username":	"will"
		}, {
			"username":	"cai"
		}]
}

2015-09-11 01:22:04 - send {
	"type":	"group-profile",
	"member-count":	2,
	"groupID":	2,
	"list":	[{
			"username":	"green"
		}, {
			"username":	"sky"
		}]
}

2015-09-11 01:22:04 - send {
	"type":	"group-profile",
	"member-count":	5,
	"groupID":	1,
	"list":	[{
			"username":	"sky"
		}, {
			"username":	"green"
		}, {
			"username":	"tsuki"
		}, {
			"username":	"will"
		}, {
			"username":	"cai"
		}]
}

2015-09-11 01:22:05 - send {
	"type":	"group-list",
	"size":	1,
	"list":	[{
			"groupID":	1
		}]
}

2015-09-11 01:22:06 - send {
	"type":	"message/text/group",
	"sendto":	1,
	"sendfrom":	"cai",
	"sendtime":	"2015-09-11 01:22:11",
	"content":	"fdefesaf",
	"msgID":	"segmentfault"
}

2015-09-11 01:22:06 - send {
	"type":	"message/text/group",
	"sendto":	1,
	"sendfrom":	"cai",
	"sendtime":	"2015-09-11 01:22:11",
	"content":	"fdefesaf",
	"msgID":	"segmentfault"
}

2015-09-11 01:22:06 - send {
	"type":	"message/text/group",
	"sendto":	1,
	"sendfrom":	"cai",
	"sendtime":	"2015-09-11 01:22:11",
	"content":	"fdefesaf",
	"msgID":	"segmentfault"
}

2015-09-11 01:22:06 - send {
	"type":	"message/text/group",
	"sendto":	1,
	"sendfrom":	"cai",
	"sendtime":	"2015-09-11 01:22:11",
	"content":	"fdefesaf",
	"msgID":	"segmentfault"
}

2015-09-11 01:22:06 - send {
	"type":	"message/text/group",
	"sendto":	1,
	"sendfrom":	"cai",
	"sendtime":	"2015-09-11 01:22:11",
	"content":	"fdefesaf",
	"msgID":	"segmentfault"
}

2015-09-11 01:22:09 - send {
	"type":	"friend-list",
	"size":	3,
	"list":	[{
			"username":	"green",
			"status":	1
		}, {
			"username":	"niang",
			"status":	0
		}, {
			"username":	"will",
			"status":	1
		}]
}

2015-09-11 01:22:12 - send {
	"type":	"group-list",
	"size":	1,
	"list":	[{
			"groupID":	1
		}]
}

2015-09-11 01:22:13 - send {
	"type":	"friend-list",
	"size":	4,
	"list":	[{
			"username":	"sky",
			"status":	1
		}, {
			"username":	"niang",
			"status":	0
		}, {
			"username":	"will",
			"status":	1
		}, {
			"username":	"tsuki",
			"status":	1
		}]
}

2015-09-11 01:22:16 - send {
	"type":	"group-profile",
	"member-count":	5,
	"groupID":	1,
	"list":	[{
			"username":	"sky"
		}, {
			"username":	"green"
		}, {
			"username":	"tsuki"
		}, {
			"username":	"will"
		}, {
			"username":	"cai"
		}]
}

2015-09-11 01:22:17 - send {
	"type":	"group-profile",
	"member-count":	5,
	"groupID":	1,
	"list":	[{
			"username":	"sky"
		}, {
			"username":	"green"
		}, {
			"username":	"tsuki"
		}, {
			"username":	"will"
		}, {
			"username":	"cai"
		}]
}

2015-09-11 01:22:17 - send {
	"type":	"message/text",
	"sendto":	"tsuki",
	"sendfrom":	"green",
	"sendtime":	"2015-09-11 01:22:02",
	"content":	"shui mao cai cai"
}

2015-09-11 01:22:17 - send {
	"type":	"friend-list",
	"size":	0,
	"list":	[]
}

2015-09-11 01:22:17 - send {
	"type":	"group-profile",
	"member-count":	5,
	"groupID":	1,
	"list":	[{
			"username":	"sky"
		}, {
			"username":	"green"
		}, {
			"username":	"tsuki"
		}, {
			"username":	"will"
		}, {
			"username":	"cai"
		}]
}

2015-09-11 01:22:17 - send {
	"type":	"group-profile",
	"member-count":	5,
	"groupID":	1,
	"list":	[{
			"username":	"sky"
		}, {
			"username":	"green"
		}, {
			"username":	"tsuki"
		}, {
			"username":	"will"
		}, {
			"username":	"cai"
		}]
}

2015-09-11 01:22:17 - send {
	"type":	"group-profile",
	"member-count":	5,
	"groupID":	1,
	"list":	[{
			"username":	"sky"
		}, {
			"username":	"green"
		}, {
			"username":	"tsuki"
		}, {
			"username":	"will"
		}, {
			"username":	"cai"
		}]
}

2015-09-11 01:22:18 - send {
	"type":	"group-profile",
	"member-count":	5,
	"groupID":	1,
	"list":	[{
			"username":	"sky"
		}, {
			"username":	"green"
		}, {
			"username":	"tsuki"
		}, {
			"username":	"will"
		}, {
			"username":	"cai"
		}]
}

2015-09-11 01:22:18 - send {
	"type":	"group-profile",
	"member-count":	5,
	"groupID":	1,
	"list":	[{
			"username":	"sky"
		}, {
			"username":	"green"
		}, {
			"username":	"tsuki"
		}, {
			"username":	"will"
		}, {
			"username":	"cai"
		}]
}

2015-09-11 01:22:18 - send {
	"type":	"group-profile",
	"member-count":	5,
	"groupID":	1,
	"list":	[{
			"username":	"sky"
		}, {
			"username":	"green"
		}, {
			"username":	"tsuki"
		}, {
			"username":	"will"
		}, {
			"username":	"cai"
		}]
}

2015-09-11 01:22:18 - send {
	"type":	"group-profile",
	"member-count":	5,
	"groupID":	1,
	"list":	[{
			"username":	"sky"
		}, {
			"username":	"green"
		}, {
			"username":	"tsuki"
		}, {
			"username":	"will"
		}, {
			"username":	"cai"
		}]
}

2015-09-11 01:22:18 - send {
	"type":	"group-profile",
	"member-count":	5,
	"groupID":	1,
	"list":	[{
			"username":	"sky"
		}, {
			"username":	"green"
		}, {
			"username":	"tsuki"
		}, {
			"username":	"will"
		}, {
			"username":	"cai"
		}]
}

2015-09-11 01:22:18 - send {
	"type":	"group-profile",
	"member-count":	5,
	"groupID":	1,
	"list":	[{
			"username":	"sky"
		}, {
			"username":	"green"
		}, {
			"username":	"tsuki"
		}, {
			"username":	"will"
		}, {
			"username":	"cai"
		}]
}

2015-09-11 01:22:18 - send {
	"type":	"group-profile",
	"member-count":	5,
	"groupID":	1,
	"list":	[{
			"username":	"sky"
		}, {
			"username":	"green"
		}, {
			"username":	"tsuki"
		}, {
			"username":	"will"
		}, {
			"username":	"cai"
		}]
}

2015-09-11 01:22:18 - send {
	"type":	"group-profile",
	"member-count":	5,
	"groupID":	1,
	"list":	[{
			"username":	"sky"
		}, {
			"username":	"green"
		}, {
			"username":	"tsuki"
		}, {
			"username":	"will"
		}, {
			"username":	"cai"
		}]
}

2015-09-11 01:22:19 - send {
	"type":	"group-list",
	"size":	2,
	"list":	[{
			"groupID":	1
		}, {
			"groupID":	2
		}]
}

2015-09-11 01:22:19 - send {
	"type":	"group-profile",
	"member-count":	5,
	"groupID":	1,
	"list":	[{
			"username":	"sky"
		}, {
			"username":	"green"
		}, {
			"username":	"tsuki"
		}, {
			"username":	"will"
		}, {
			"username":	"cai"
		}]
}

2015-09-11 01:22:19 - send {
	"type":	"group-profile",
	"member-count":	5,
	"groupID":	1,
	"list":	[{
			"username":	"sky"
		}, {
			"username":	"green"
		}, {
			"username":	"tsuki"
		}, {
			"username":	"will"
		}, {
			"username":	"cai"
		}]
}

2015-09-11 01:22:19 - send {
	"type":	"group-profile",
	"member-count":	5,
	"groupID":	1,
	"list":	[{
			"username":	"sky"
		}, {
			"username":	"green"
		}, {
			"username":	"tsuki"
		}, {
			"username":	"will"
		}, {
			"username":	"cai"
		}]
}

2015-09-11 01:22:19 - send {
	"type":	"group-profile",
	"member-count":	5,
	"groupID":	1,
	"list":	[{
			"username":	"sky"
		}, {
			"username":	"green"
		}, {
			"username":	"tsuki"
		}, {
			"username":	"will"
		}, {
			"username":	"cai"
		}]
}

2015-09-11 01:22:20 - send {
	"type":	"message/text/group",
	"sendto":	1,
	"sendfrom":	"cai",
	"sendtime":	"2015-09-11 01:22:24",
	"content":	"wwwwww",
	"msgID":	"segmentfault"
}

2015-09-11 01:22:20 - send {
	"type":	"message/text/group",
	"sendto":	1,
	"sendfrom":	"cai",
	"sendtime":	"2015-09-11 01:22:24",
	"content":	"wwwwww",
	"msgID":	"segmentfault"
}

2015-09-11 01:22:20 - send {
	"type":	"message/text/group",
	"sendto":	1,
	"sendfrom":	"cai",
	"sendtime":	"2015-09-11 01:22:24",
	"content":	"wwwwww",
	"msgID":	"segmentfault"
}

2015-09-11 01:22:20 - send {
	"type":	"message/text/group",
	"sendto":	1,
	"sendfrom":	"cai",
	"sendtime":	"2015-09-11 01:22:24",
	"content":	"wwwwww",
	"msgID":	"segmentfault"
}

2015-09-11 01:22:20 - send {
	"type":	"message/text/group",
	"sendto":	1,
	"sendfrom":	"cai",
	"sendtime":	"2015-09-11 01:22:24",
	"content":	"wwwwww",
	"msgID":	"segmentfault"
}

2015-09-11 01:22:20 - send {
	"type":	"friend-list",
	"size":	3,
	"list":	[{
			"username":	"will",
			"status":	1
		}, {
			"username":	"sky",
			"status":	1
		}, {
			"username":	"green",
			"status":	1
		}]
}

2015-09-11 01:22:21 - send {
	"type":	"message/text",
	"sendto":	"green",
	"sendfrom":	"will",
	"sendtime":	"2015-09-11 01:23:02",
	"content":	"cxagdsfa"
}

2015-09-11 01:22:23 - send {
	"type":	"group-list",
	"size":	2,
	"list":	[{
			"groupID":	2
		}, {
			"groupID":	1
		}]
}

2015-09-11 01:22:23 - send {
	"type":	"group-profile",
	"member-count":	5,
	"groupID":	1,
	"list":	[{
			"username":	"sky"
		}, {
			"username":	"green"
		}, {
			"username":	"tsuki"
		}, {
			"username":	"will"
		}, {
			"username":	"cai"
		}]
}

2015-09-11 01:22:24 - send {
	"type":	"group-profile",
	"member-count":	5,
	"groupID":	1,
	"list":	[{
			"username":	"sky"
		}, {
			"username":	"green"
		}, {
			"username":	"tsuki"
		}, {
			"username":	"will"
		}, {
			"username":	"cai"
		}]
}

2015-09-11 01:22:24 - send {
	"type":	"group-profile",
	"member-count":	2,
	"groupID":	2,
	"list":	[{
			"username":	"green"
		}, {
			"username":	"sky"
		}]
}

2015-09-11 01:22:25 - send {
	"type":	"group-profile",
	"member-count":	5,
	"groupID":	1,
	"list":	[{
			"username":	"sky"
		}, {
			"username":	"green"
		}, {
			"username":	"tsuki"
		}, {
			"username":	"will"
		}, {
			"username":	"cai"
		}]
}

2015-09-11 01:22:25 - send {
	"type":	"group-profile",
	"member-count":	2,
	"groupID":	2,
	"list":	[{
			"username":	"green"
		}, {
			"username":	"sky"
		}]
}

2015-09-11 01:22:26 - send {
	"type":	"group-profile",
	"member-count":	5,
	"groupID":	1,
	"list":	[{
			"username":	"sky"
		}, {
			"username":	"green"
		}, {
			"username":	"tsuki"
		}, {
			"username":	"will"
		}, {
			"username":	"cai"
		}]
}

2015-09-11 01:22:26 - send {
	"type":	"message/text/group",
	"sendto":	1,
	"sendfrom":	"cai",
	"sendtime":	"2015-09-11 01:22:31",
	"content":	"wwwww\n",
	"msgID":	"segmentfault"
}

2015-09-11 01:22:26 - send {
	"type":	"message/text/group",
	"sendto":	1,
	"sendfrom":	"cai",
	"sendtime":	"2015-09-11 01:22:31",
	"content":	"wwwww\n",
	"msgID":	"segmentfault"
}

2015-09-11 01:22:26 - send {
	"type":	"message/text/group",
	"sendto":	1,
	"sendfrom":	"cai",
	"sendtime":	"2015-09-11 01:22:31",
	"content":	"wwwww\n",
	"msgID":	"segmentfault"
}

2015-09-11 01:22:26 - send {
	"type":	"message/text/group",
	"sendto":	1,
	"sendfrom":	"cai",
	"sendtime":	"2015-09-11 01:22:31",
	"content":	"wwwww\n",
	"msgID":	"segmentfault"
}

2015-09-11 01:22:26 - send {
	"type":	"message/text/group",
	"sendto":	1,
	"sendfrom":	"cai",
	"sendtime":	"2015-09-11 01:22:31",
	"content":	"wwwww\n",
	"msgID":	"segmentfault"
}

2015-09-11 01:22:27 - send {
	"type":	"friend-list",
	"size":	3,
	"list":	[{
			"username":	"green",
			"status":	1
		}, {
			"username":	"sky",
			"status":	1
		}, {
			"username":	"tsuki",
			"status":	1
		}]
}

2015-09-11 01:22:27 - send {
	"type":	"group-list",
	"size":	1,
	"list":	[{
			"groupID":	1
		}]
}

2015-09-11 01:22:28 - send {
	"type":	"group-profile",
	"member-count":	2,
	"groupID":	2,
	"list":	[{
			"username":	"green"
		}, {
			"username":	"sky"
		}]
}

2015-09-11 01:22:28 - send {
	"type":	"group-profile",
	"member-count":	5,
	"groupID":	1,
	"list":	[{
			"username":	"sky"
		}, {
			"username":	"green"
		}, {
			"username":	"tsuki"
		}, {
			"username":	"will"
		}, {
			"username":	"cai"
		}]
}

2015-09-11 01:22:30 - send {
	"type":	"group-list",
	"size":	1,
	"list":	[{
			"groupID":	1
		}]
}

2015-09-11 01:22:34 - send {
	"type":	"friend-list",
	"size":	3,
	"list":	[{
			"username":	"green",
			"status":	1
		}, {
			"username":	"niang",
			"status":	0
		}, {
			"username":	"will",
			"status":	1
		}]
}

2015-09-11 01:22:36 - send {
	"type":	"add-to-contact-receipt",
	"username":	"cai",
	"contact":	"tsuki",
	"status":	1
}

2015-09-11 01:22:36 - send {
	"type":	"group-list",
	"size":	1,
	"list":	[{
			"groupID":	1
		}]
}

2015-09-11 01:22:37 - send {
	"type":	"friend-list",
	"size":	1,
	"list":	[{
			"username":	"tsuki",
			"status":	1
		}]
}

2015-09-11 01:22:38 - send {
	"type":	"friend-list",
	"size":	4,
	"list":	[{
			"username":	"sky",
			"status":	1
		}, {
			"username":	"niang",
			"status":	0
		}, {
			"username":	"will",
			"status":	1
		}, {
			"username":	"tsuki",
			"status":	1
		}]
}

2015-09-11 01:22:42 - send {
	"type":	"friend-list",
	"size":	1,
	"list":	[{
			"username":	"tsuki",
			"status":	1
		}]
}

2015-09-11 01:22:43 - send {
	"type":	"group-list",
	"size":	2,
	"list":	[{
			"groupID":	1
		}, {
			"groupID":	2
		}]
}

2015-09-11 01:22:44 - send {
	"type":	"message/text",
	"sendto":	"tsuki",
	"sendfrom":	"cai",
	"sendtime":	"2015-09-11 01:22:49",
	"content":	"qqqq\n"
}

2015-09-11 01:22:45 - send {
	"type":	"friend-list",
	"size":	3,
	"list":	[{
			"username":	"will",
			"status":	1
		}, {
			"username":	"sky",
			"status":	1
		}, {
			"username":	"green",
			"status":	1
		}]
}

2015-09-11 01:22:48 - send {
	"type":	"group-list",
	"size":	2,
	"list":	[{
			"groupID":	2
		}, {
			"groupID":	1
		}]
}

2015-09-11 01:22:51 - send {
	"type":	"friend-list",
	"size":	3,
	"list":	[{
			"username":	"green",
			"status":	1
		}, {
			"username":	"sky",
			"status":	1
		}, {
			"username":	"tsuki",
			"status":	1
		}]
}

2015-09-11 01:22:52 - send {
	"type":	"group-list",
	"size":	1,
	"list":	[{
			"groupID":	1
		}]
}

2015-09-11 01:22:55 - send {
	"type":	"group-list",
	"size":	1,
	"list":	[{
			"groupID":	1
		}]
}

2015-09-11 01:22:58 - send {
	"type":	"friend-list",
	"size":	3,
	"list":	[{
			"username":	"green",
			"status":	1
		}, {
			"username":	"niang",
			"status":	0
		}, {
			"username":	"will",
			"status":	1
		}]
}

2015-09-11 01:23:01 - send {
	"type":	"group-list",
	"size":	1,
	"list":	[{
			"groupID":	1
		}]
}

2015-09-11 01:23:03 - send {
	"type":	"friend-list",
	"size":	4,
	"list":	[{
			"username":	"sky",
			"status":	1
		}, {
			"username":	"niang",
			"status":	0
		}, {
			"username":	"will",
			"status":	1
		}, {
			"username":	"tsuki",
			"status":	1
		}]
}

2015-09-11 01:23:07 - send {
	"type":	"friend-list",
	"size":	1,
	"list":	[{
			"username":	"tsuki",
			"status":	1
		}]
}

2015-09-11 01:23:08 - send {
	"type":	"group-list",
	"size":	2,
	"list":	[{
			"groupID":	1
		}, {
			"groupID":	2
		}]
}

2015-09-11 01:23:10 - send {
	"type":	"friend-list",
	"size":	3,
	"list":	[{
			"username":	"will",
			"status":	1
		}, {
			"username":	"sky",
			"status":	1
		}, {
			"username":	"green",
			"status":	1
		}]
}

2015-09-11 01:23:13 - send {
	"type":	"group-list",
	"size":	2,
	"list":	[{
			"groupID":	2
		}, {
			"groupID":	1
		}]
}

2015-09-11 01:23:16 - send {
	"type":	"friend-list",
	"size":	3,
	"list":	[{
			"username":	"green",
			"status":	1
		}, {
			"username":	"sky",
			"status":	1
		}, {
			"username":	"tsuki",
			"status":	1
		}]
}

2015-09-11 01:23:17 - send {
	"type":	"group-list",
	"size":	1,
	"list":	[{
			"groupID":	1
		}]
}

2015-09-11 01:23:20 - send {
	"type":	"group-list",
	"size":	1,
	"list":	[{
			"groupID":	1
		}]
}

2015-09-11 01:23:23 - send {
	"type":	"friend-list",
	"size":	3,
	"list":	[{
			"username":	"green",
			"status":	1
		}, {
			"username":	"niang",
			"status":	0
		}, {
			"username":	"will",
			"status":	1
		}]
}

2015-09-11 01:23:26 - send {
	"type":	"group-profile",
	"member-count":	5,
	"groupID":	1,
	"list":	[{
			"username":	"sky"
		}, {
			"username":	"green"
		}, {
			"username":	"tsuki"
		}, {
			"username":	"will"
		}, {
			"username":	"cai"
		}]
}

2015-09-11 01:23:26 - send {
	"type":	"group-list",
	"size":	1,
	"list":	[{
			"groupID":	1
		}]
}

2015-09-11 01:23:28 - send {
	"type":	"friend-list",
	"size":	4,
	"list":	[{
			"username":	"sky",
			"status":	1
		}, {
			"username":	"niang",
			"status":	0
		}, {
			"username":	"will",
			"status":	1
		}, {
			"username":	"tsuki",
			"status":	1
		}]
}

2015-09-11 01:23:29 - send {
	"type":	"message/text",
	"sendto":	"tsuki",
	"sendfrom":	"cai",
	"sendtime":	"2015-09-11 01:23:34",
	"content":	"ijikik\n"
}

2015-09-11 01:23:31 - send {
	"type":	"friend-list",
	"size":	1,
	"list":	[{
			"username":	"tsuki",
			"status":	1
		}]
}

2015-09-11 01:23:33 - send {
	"type":	"group-list",
	"size":	2,
	"list":	[{
			"groupID":	1
		}, {
			"groupID":	2
		}]
}

2015-09-11 01:23:34 - send {
	"type":	"friend-list",
	"size":	3,
	"list":	[{
			"username":	"will",
			"status":	1
		}, {
			"username":	"sky",
			"status":	1
		}, {
			"username":	"green",
			"status":	1
		}]
}

2015-09-11 01:23:37 - send {
	"type":	"group-list",
	"size":	2,
	"list":	[{
			"groupID":	2
		}, {
			"groupID":	1
		}]
}

2015-09-11 01:23:41 - send {
	"type":	"friend-list",
	"size":	3,
	"list":	[{
			"username":	"green",
			"status":	1
		}, {
			"username":	"sky",
			"status":	1
		}, {
			"username":	"tsuki",
			"status":	1
		}]
}

2015-09-11 01:23:41 - send {
	"type":	"group-list",
	"size":	1,
	"list":	[{
			"groupID":	1
		}]
}

2015-09-11 01:23:45 - send {
	"type":	"group-list",
	"size":	1,
	"list":	[{
			"groupID":	1
		}]
}

2015-09-11 01:23:49 - send {
	"type":	"friend-list",
	"size":	3,
	"list":	[{
			"username":	"green",
			"status":	1
		}, {
			"username":	"niang",
			"status":	0
		}, {
			"username":	"will",
			"status":	1
		}]
}

2015-09-11 01:23:52 - send {
	"type":	"group-list",
	"size":	1,
	"list":	[{
			"groupID":	1
		}]
}

2015-09-11 01:23:53 - send {
	"type":	"friend-list",
	"size":	4,
	"list":	[{
			"username":	"sky",
			"status":	1
		}, {
			"username":	"niang",
			"status":	0
		}, {
			"username":	"will",
			"status":	1
		}, {
			"username":	"tsuki",
			"status":	1
		}]
}

2015-09-11 01:23:57 - send {
	"type":	"friend-list",
	"size":	1,
	"list":	[{
			"username":	"tsuki",
			"status":	1
		}]
}

2015-09-11 01:23:59 - send {
	"type":	"group-list",
	"size":	2,
	"list":	[{
			"groupID":	1
		}, {
			"groupID":	2
		}]
}

2015-09-11 01:24:00 - send {
	"type":	"friend-list",
	"size":	3,
	"list":	[{
			"username":	"will",
			"status":	1
		}, {
			"username":	"sky",
			"status":	1
		}, {
			"username":	"green",
			"status":	1
		}]
}

2015-09-11 01:24:03 - send {
	"type":	"group-list",
	"size":	2,
	"list":	[{
			"groupID":	2
		}, {
			"groupID":	1
		}]
}

2015-09-11 01:24:07 - send {
	"type":	"friend-list",
	"size":	3,
	"list":	[{
			"username":	"green",
			"status":	1
		}, {
			"username":	"sky",
			"status":	1
		}, {
			"username":	"tsuki",
			"status":	1
		}]
}

2015-09-11 01:24:07 - send {
	"type":	"group-list",
	"size":	1,
	"list":	[{
			"groupID":	1
		}]
}

2015-09-11 01:24:10 - send {
	"type":	"group-list",
	"size":	1,
	"list":	[{
			"groupID":	1
		}]
}

2015-09-11 01:24:14 - send {
	"type":	"friend-list",
	"size":	3,
	"list":	[{
			"username":	"green",
			"status":	1
		}, {
			"username":	"niang",
			"status":	0
		}, {
			"username":	"will",
			"status":	1
		}]
}

2015-09-11 01:24:15 - send {
	"type":	"group-profile",
	"member-count":	5,
	"groupID":	1,
	"list":	[{
			"username":	"sky"
		}, {
			"username":	"green"
		}, {
			"username":	"tsuki"
		}, {
			"username":	"will"
		}, {
			"username":	"cai"
		}]
}

2015-09-11 01:24:17 - send {
	"type":	"group-list",
	"size":	1,
	"list":	[{
			"groupID":	1
		}]
}

2015-09-11 01:24:18 - send {
	"type":	"friend-list",
	"size":	4,
	"list":	[{
			"username":	"sky",
			"status":	1
		}, {
			"username":	"niang",
			"status":	0
		}, {
			"username":	"will",
			"status":	1
		}, {
			"username":	"tsuki",
			"status":	1
		}]
}

2015-09-11 01:24:20 - send {
	"type":	"group-profile",
	"member-count":	5,
	"groupID":	1,
	"list":	[{
			"username":	"sky"
		}, {
			"username":	"green"
		}, {
			"username":	"tsuki"
		}, {
			"username":	"will"
		}, {
			"username":	"cai"
		}]
}

2015-09-11 01:24:21 - send {
	"type":	"group-profile",
	"member-count":	5,
	"groupID":	1,
	"list":	[{
			"username":	"sky"
		}, {
			"username":	"green"
		}, {
			"username":	"tsuki"
		}, {
			"username":	"will"
		}, {
			"username":	"cai"
		}]
}

2015-09-11 01:24:22 - send {
	"type":	"friend-list",
	"size":	1,
	"list":	[{
			"username":	"tsuki",
			"status":	1
		}]
}

2015-09-11 01:24:24 - send {
	"type":	"group-list",
	"size":	2,
	"list":	[{
			"groupID":	1
		}, {
			"groupID":	2
		}]
}

2015-09-11 01:24:25 - send {
	"type":	"friend-list",
	"size":	3,
	"list":	[{
			"username":	"will",
			"status":	1
		}, {
			"username":	"sky",
			"status":	1
		}, {
			"username":	"green",
			"status":	1
		}]
}

2015-09-11 01:24:28 - send {
	"type":	"group-list",
	"size":	2,
	"list":	[{
			"groupID":	2
		}, {
			"groupID":	1
		}]
}

2015-09-11 01:24:32 - send {
	"type":	"friend-list",
	"size":	3,
	"list":	[{
			"username":	"green",
			"status":	1
		}, {
			"username":	"sky",
			"status":	1
		}, {
			"username":	"tsuki",
			"status":	1
		}]
}

2015-09-11 01:24:32 - send {
	"type":	"group-list",
	"size":	1,
	"list":	[{
			"groupID":	1
		}]
}

2015-09-11 01:24:35 - send {
	"type":	"group-list",
	"size":	1,
	"list":	[{
			"groupID":	1
		}]
}

2015-09-11 01:24:39 - send {
	"type":	"friend-list",
	"s